<?xml version='1.0' encoding='UTF-8'?>
<testsuite hostname="alux" name="ParserTest" tests="40" errors="0" failures="0" skipped="0" time="0.071" timestamp="2020-11-07T18:10:13">
                     <properties>
[...]
</properties>
                     <testcase classname="ParserTest" name="Parser.empty" time="0.025">
                                                 
                                               </testcase><testcase classname="ParserTest" name="Parser.one_param_return" time="0.001">
                                                 
                                               </testcase><testcase classname="ParserTest" name="Parser.two_params_return" time="0.002">
                                                 
                                               </testcase><testcase classname="ParserTest" name="Parser.call_no_args_call_statemant" time="0.001">
                                                 
                                               </testcase><testcase classname="ParserTest" name="Parser.call_one_args" time="0.001">
                                                 
                                               </testcase><testcase classname="ParserTest" name="Parser.call_two_args_var_expr" time="0.001">
                                                 
                                               </testcase><testcase classname="ParserTest" name="Parser.print_char_consts" time="0.002">
                                                 
                                               </testcase><testcase classname="ParserTest" name="Parser.arith_assignments" time="0.003">
                                                 
                                               </testcase><testcase classname="ParserTest" name="Parser.arith_assignments_ext" time="0.002">
                                                 
                                               </testcase><testcase classname="ParserTest" name="Parser.logic_operations" time="0.003">
                                                 
                                               </testcase><testcase classname="ParserTest" name="Parser.logic_operations_ext" time="0.001">
                                                 
                                               </testcase><testcase classname="ParserTest" name="Parser.if_then_else" time="0.002">
                                                 
                                               </testcase><testcase classname="ParserTest" name="Parser.if_then_dangeling_else" time="0.001">
                                                 
                                               </testcase><testcase classname="ParserTest" name="Parser.while_break" time="0.001">
                                                 
                                               </testcase><testcase classname="ParserTest" name="Parser.pluspluss_minusminus" time="0.0">
                                                 
                                               </testcase><testcase classname="ParserTest" name="Parser.defining_local_variables" time="0.001">
                                                 
                                               </testcase><testcase classname="ParserTest" name="Parser.hexadecimal_numbers" time="0.001">
                                                 
                                               </testcase><testcase classname="ParserTest" name="Parser.global_x" time="0.0">
                                                 
                                               </testcase><testcase classname="ParserTest" name="Parser.global_y" time="0.0">
                                                 
                                               </testcase><testcase classname="ParserTest" name="Parser.use_global" time="0.001">
                                                 
                                               </testcase><testcase classname="ParserTest" name="Parser.use_global_y" time="0.0">
                                                 
                                               </testcase><testcase classname="ParserTest" name="Parser.for_loop_with_break" time="0.001">
                                                 
                                               </testcase><testcase classname="ParserTest" name="Parser.Empty struct" time="0.0">
                                                 
                                               </testcase><testcase classname="ParserTest" name="Parser.Struct With Elements" time="0.0">
                                                 
                                               </testcase><testcase classname="ParserTest" name="Parser.struct_arrays" time="0.002">
                                                 
                                               </testcase><testcase classname="ParserTest" name="Parser.int_arrays" time="0.001">
                                                 
                                               </testcase><testcase classname="ParserTest" name="Parser.string_test" time="0.001">
                                                 
                                               </testcase><testcase classname="ParserTest" name="Parser.print_int" time="0.002">
                                                 
                                               </testcase><testcase classname="ParserTest" name="Parser.print_int_ln" time="0.001">
                                                 
                                               </testcase><testcase classname="ParserTest" name="Parser.print_string" time="0.001">
                                                 
                                               </testcase><testcase classname="ParserTest" name="Parser.Tree" time="0.0">
                                                 
                                               </testcase><testcase classname="ParserTest" name="Parser.node" time="0.002">
                                                 
                                               </testcase><testcase classname="ParserTest" name="Parser.leaf" time="0.001">
                                                 
                                               </testcase><testcase classname="ParserTest" name="Parser.inorder_traversal" time="0.002">
                                                 
                                               </testcase><testcase classname="ParserTest" name="Parser.delete_tree" time="0.001">
                                                 
                                               </testcase><testcase classname="ParserTest" name="Parser.test_recursive_data_structures" time="0.002">
                                                 
                                               </testcase><testcase classname="ParserTest" name="Parser.delete_tree_rec" time="0.002">
                                                 
                                               </testcase><testcase classname="ParserTest" name="Parser.text1" time="0.001">
                                                 
                                               </testcase><testcase classname="ParserTest" name="Parser.print_test_strings" time="0.001">
                                                 
                                               </testcase><testcase classname="ParserTest" name="Parser.main" time="0.001">
                                                 
                                               </testcase>
                     <system-out><![CDATA[]]></system-out>
                     <system-err><![CDATA[]]></system-err>
                   </testsuite>